2019-09-19 04:30:00,524 [Worker-7] INFO  o.e.m.c.i.e.AbstractTransferListenerAdapter - Downloading http://maven.wso2.org/nexus/content/groups/wso2-public/org/wso2/carbon/identity/framework/org.wso2.carbon.identity.entitlement/5.12.153/org.wso2.carbon.identity.entitlement-5.12.153.pom
2019-09-19 04:30:01,057 [Worker-7] INFO  o.e.m.c.i.e.AbstractTransferListenerAdapter - Downloaded http://maven.wso2.org/nexus/content/groups/wso2-public/org/wso2/carbon/identity/framework/org.wso2.carbon.identity.entitlement/5.12.153/org.wso2.carbon.identity.entitlement-5.12.153.pom
2019-09-19 04:30:01,639 [Worker-7] INFO  o.e.m.c.i.e.AbstractTransferListenerAdapter - Downloading http://maven.wso2.org/nexus/content/groups/wso2-public/org/wso2/carbon/identity/framework/entitlement/5.12.153/entitlement-5.12.153.pom
2019-09-19 04:30:02,164 [Worker-7] INFO  o.e.m.c.i.e.AbstractTransferListenerAdapter - Downloaded http://maven.wso2.org/nexus/content/groups/wso2-public/org/wso2/carbon/identity/framework/entitlement/5.12.153/entitlement-5.12.153.pom
2019-09-19 04:30:02,687 [Worker-7] INFO  o.e.m.c.i.e.AbstractTransferListenerAdapter - Downloading http://maven.wso2.org/nexus/content/groups/wso2-public/org/wso2/balana/org.wso2.balana/1.1.5/org.wso2.balana-1.1.5.pom
2019-09-19 04:30:03,202 [Worker-7] INFO  o.e.m.c.i.e.AbstractTransferListenerAdapter - Downloaded http://maven.wso2.org/nexus/content/groups/wso2-public/org/wso2/balana/org.wso2.balana/1.1.5/org.wso2.balana-1.1.5.pom
2019-09-19 04:30:03,715 [Worker-7] INFO  o.e.m.c.i.e.AbstractTransferListenerAdapter - Downloading http://maven.wso2.org/nexus/content/groups/wso2-public/org/wso2/balana/balana/1.1.5/balana-1.1.5.pom
2019-09-19 04:30:04,302 [Worker-7] INFO  o.e.m.c.i.e.AbstractTransferListenerAdapter - Downloaded http://maven.wso2.org/nexus/content/groups/wso2-public/org/wso2/balana/balana/1.1.5/balana-1.1.5.pom
2019-09-19 04:30:04,817 [Worker-7] INFO  o.e.m.c.i.e.AbstractTransferListenerAdapter - Downloading http://maven.wso2.org/nexus/content/groups/wso2-public/org/wso2/balana/org.wso2.balana.utils/1.1.5/org.wso2.balana.utils-1.1.5.pom
2019-09-19 04:30:05,428 [Worker-7] INFO  o.e.m.c.i.e.AbstractTransferListenerAdapter - Downloaded http://maven.wso2.org/nexus/content/groups/wso2-public/org/wso2/balana/org.wso2.balana.utils/1.1.5/org.wso2.balana.utils-1.1.5.pom
2019-09-19 04:30:06,001 [Worker-7] INFO  o.e.m.c.i.e.AbstractTransferListenerAdapter - Downloading http://maven.wso2.org/nexus/content/groups/wso2-public/org/wso2/carbon/identity/framework/org.wso2.carbon.identity.authenticator.thrift/5.12.153/org.wso2.carbon.identity.authenticator.thrift-5.12.153.pom
2019-09-19 04:30:06,515 [Worker-7] INFO  o.e.m.c.i.e.AbstractTransferListenerAdapter - Downloaded http://maven.wso2.org/nexus/content/groups/wso2-public/org/wso2/carbon/identity/framework/org.wso2.carbon.identity.authenticator.thrift/5.12.153/org.wso2.carbon.identity.authenticator.thrift-5.12.153.pom
2019-09-19 04:30:07,140 [Worker-7] INFO  o.e.m.c.i.e.AbstractTransferListenerAdapter - Downloading http://maven.wso2.org/nexus/content/groups/wso2-public/org/wso2/carbon/identity/framework/thrift-authenticator/5.12.153/thrift-authenticator-5.12.153.pom
2019-09-19 04:30:07,662 [Worker-7] INFO  o.e.m.c.i.e.AbstractTransferListenerAdapter - Downloaded http://maven.wso2.org/nexus/content/groups/wso2-public/org/wso2/carbon/identity/framework/thrift-authenticator/5.12.153/thrift-authenticator-5.12.153.pom
2019-09-19 04:30:08,294 [Worker-7] INFO  o.e.m.c.i.e.AbstractTransferListenerAdapter - Downloading http://maven.wso2.org/nexus/content/groups/wso2-public/org/wso2/carbon/identity/framework/carbon-authenticators/5.12.153/carbon-authenticators-5.12.153.pom
2019-09-19 04:30:08,806 [Worker-7] INFO  o.e.m.c.i.e.AbstractTransferListenerAdapter - Downloaded http://maven.wso2.org/nexus/content/groups/wso2-public/org/wso2/carbon/identity/framework/carbon-authenticators/5.12.153/carbon-authenticators-5.12.153.pom
2019-09-19 04:30:09,333 [Worker-7] INFO  o.e.m.c.i.e.AbstractTransferListenerAdapter - Downloading http://maven.wso2.org/nexus/content/groups/wso2-public/org/wso2/carbon/org.wso2.carbon.core.services/4.4.34/org.wso2.carbon.core.services-4.4.34.pom
2019-09-19 04:30:09,854 [Worker-7] INFO  o.e.m.c.i.e.AbstractTransferListenerAdapter - Downloaded http://maven.wso2.org/nexus/content/groups/wso2-public/org/wso2/carbon/org.wso2.carbon.core.services/4.4.34/org.wso2.carbon.core.services-4.4.34.pom
2019-09-19 04:30:10,466 [Worker-7] INFO  o.e.m.c.i.e.AbstractTransferListenerAdapter - Downloading http://maven.wso2.org/nexus/content/groups/wso2-public/org/wso2/carbon/identity/framework/org.wso2.carbon.identity.entitlement.common/5.12.153/org.wso2.carbon.identity.entitlement.common-5.12.153.pom
2019-09-19 04:30:10,978 [Worker-7] INFO  o.e.m.c.i.e.AbstractTransferListenerAdapter - Downloaded http://maven.wso2.org/nexus/content/groups/wso2-public/org/wso2/carbon/identity/framework/org.wso2.carbon.identity.entitlement.common/5.12.153/org.wso2.carbon.identity.entitlement.common-5.12.153.pom
2019-09-19 04:30:11,575 [Worker-7] INFO  o.e.m.c.i.e.AbstractTransferListenerAdapter - Downloading http://maven.wso2.org/nexus/content/groups/wso2-public/org/wso2/carbon/identity/framework/org.wso2.carbon.identity.entitlement.stub/5.12.153/org.wso2.carbon.identity.entitlement.stub-5.12.153.pom
2019-09-19 04:30:12,089 [Worker-7] INFO  o.e.m.c.i.e.AbstractTransferListenerAdapter - Downloaded http://maven.wso2.org/nexus/content/groups/wso2-public/org/wso2/carbon/identity/framework/org.wso2.carbon.identity.entitlement.stub/5.12.153/org.wso2.carbon.identity.entitlement.stub-5.12.153.pom
2019-09-19 04:30:12,680 [Worker-7] INFO  o.e.m.c.i.e.AbstractTransferListenerAdapter - Downloading http://maven.wso2.org/nexus/content/groups/wso2-public/org/wso2/carbon/identity/framework/carbon-service-stubs/5.12.153/carbon-service-stubs-5.12.153.pom
2019-09-19 04:30:13,213 [Worker-7] INFO  o.e.m.c.i.e.AbstractTransferListenerAdapter - Downloaded http://maven.wso2.org/nexus/content/groups/wso2-public/org/wso2/carbon/identity/framework/carbon-service-stubs/5.12.153/carbon-service-stubs-5.12.153.pom
2019-09-19 04:30:13,887 [Worker-7] INFO  o.e.m.c.i.e.AbstractTransferListenerAdapter - Downloading http://maven.wso2.org/nexus/content/groups/wso2-public/org/wso2/carbon/identity/framework/org.wso2.carbon.identity.notification.mgt/5.12.153/org.wso2.carbon.identity.notification.mgt-5.12.153.pom
2019-09-19 04:30:14,401 [Worker-7] INFO  o.e.m.c.i.e.AbstractTransferListenerAdapter - Downloaded http://maven.wso2.org/nexus/content/groups/wso2-public/org/wso2/carbon/identity/framework/org.wso2.carbon.identity.notification.mgt/5.12.153/org.wso2.carbon.identity.notification.mgt-5.12.153.pom
2019-09-19 04:30:14,915 [Worker-7] INFO  o.e.m.c.i.e.AbstractTransferListenerAdapter - Downloading http://maven.wso2.org/nexus/content/groups/wso2-public/org/wso2/carbon/identity/framework/notification-mgt/5.12.153/notification-mgt-5.12.153.pom
2019-09-19 04:30:15,436 [Worker-7] INFO  o.e.m.c.i.e.AbstractTransferListenerAdapter - Downloaded http://maven.wso2.org/nexus/content/groups/wso2-public/org/wso2/carbon/identity/framework/notification-mgt/5.12.153/notification-mgt-5.12.153.pom
2019-09-19 04:30:16,256 [Worker-7] INFO  o.e.m.c.i.e.AbstractTransferListenerAdapter - Downloading http://maven.wso2.org/nexus/content/groups/wso2-public/org/wso2/carbon/identity/framework/org.wso2.carbon.identity.entitlement/5.12.153/org.wso2.carbon.identity.entitlement-5.12.153.jar
2019-09-19 04:30:20,224 [Worker-7] INFO  o.e.m.c.i.e.AbstractTransferListenerAdapter - Downloaded http://maven.wso2.org/nexus/content/groups/wso2-public/org/wso2/carbon/identity/framework/org.wso2.carbon.identity.entitlement/5.12.153/org.wso2.carbon.identity.entitlement-5.12.153.jar
2019-09-19 04:30:20,749 [Worker-7] INFO  o.e.m.c.i.e.AbstractTransferListenerAdapter - Downloading http://maven.wso2.org/nexus/content/groups/wso2-public/org/wso2/balana/org.wso2.balana/1.1.5/org.wso2.balana-1.1.5.jar
2019-09-19 04:30:22,486 [Worker-7] INFO  o.e.m.c.i.e.AbstractTransferListenerAdapter - Downloaded http://maven.wso2.org/nexus/content/groups/wso2-public/org/wso2/balana/org.wso2.balana/1.1.5/org.wso2.balana-1.1.5.jar
2019-09-19 04:30:23,005 [Worker-7] INFO  o.e.m.c.i.e.AbstractTransferListenerAdapter - Downloading http://maven.wso2.org/nexus/content/groups/wso2-public/org/wso2/balana/org.wso2.balana.utils/1.1.5/org.wso2.balana.utils-1.1.5.jar
2019-09-19 04:30:24,067 [Worker-7] INFO  o.e.m.c.i.e.AbstractTransferListenerAdapter - Downloaded http://maven.wso2.org/nexus/content/groups/wso2-public/org/wso2/balana/org.wso2.balana.utils/1.1.5/org.wso2.balana.utils-1.1.5.jar
2019-09-19 04:30:24,579 [Worker-7] INFO  o.e.m.c.i.e.AbstractTransferListenerAdapter - Downloading http://maven.wso2.org/nexus/content/groups/wso2-public/org/wso2/carbon/identity/framework/org.wso2.carbon.identity.authenticator.thrift/5.12.153/org.wso2.carbon.identity.authenticator.thrift-5.12.153.jar
2019-09-19 04:30:25,552 [Worker-7] INFO  o.e.m.c.i.e.AbstractTransferListenerAdapter - Downloaded http://maven.wso2.org/nexus/content/groups/wso2-public/org/wso2/carbon/identity/framework/org.wso2.carbon.identity.authenticator.thrift/5.12.153/org.wso2.carbon.identity.authenticator.thrift-5.12.153.jar
2019-09-19 04:30:26,111 [Worker-7] INFO  o.e.m.c.i.e.AbstractTransferListenerAdapter - Downloading http://maven.wso2.org/nexus/content/groups/wso2-public/org/wso2/carbon/org.wso2.carbon.core.services/4.4.34/org.wso2.carbon.core.services-4.4.34.jar
2019-09-19 04:30:27,138 [Worker-7] INFO  o.e.m.c.i.e.AbstractTransferListenerAdapter - Downloaded http://maven.wso2.org/nexus/content/groups/wso2-public/org/wso2/carbon/org.wso2.carbon.core.services/4.4.34/org.wso2.carbon.core.services-4.4.34.jar
2019-09-19 04:30:27,659 [Worker-7] INFO  o.e.m.c.i.e.AbstractTransferListenerAdapter - Downloading http://maven.wso2.org/nexus/content/groups/wso2-public/org/wso2/carbon/identity/framework/org.wso2.carbon.identity.entitlement.common/5.12.153/org.wso2.carbon.identity.entitlement.common-5.12.153.jar
2019-09-19 04:30:28,693 [Worker-7] INFO  o.e.m.c.i.e.AbstractTransferListenerAdapter - Downloaded http://maven.wso2.org/nexus/content/groups/wso2-public/org/wso2/carbon/identity/framework/org.wso2.carbon.identity.entitlement.common/5.12.153/org.wso2.carbon.identity.entitlement.common-5.12.153.jar
2019-09-19 04:30:29,287 [Worker-7] INFO  o.e.m.c.i.e.AbstractTransferListenerAdapter - Downloading http://maven.wso2.org/nexus/content/groups/wso2-public/org/wso2/carbon/identity/framework/org.wso2.carbon.identity.entitlement.stub/5.12.153/org.wso2.carbon.identity.entitlement.stub-5.12.153.jar
2019-09-19 04:30:31,129 [Worker-7] INFO  o.e.m.c.i.e.AbstractTransferListenerAdapter - Downloaded http://maven.wso2.org/nexus/content/groups/wso2-public/org/wso2/carbon/identity/framework/org.wso2.carbon.identity.entitlement.stub/5.12.153/org.wso2.carbon.identity.entitlement.stub-5.12.153.jar
2019-09-19 04:30:31,648 [Worker-7] INFO  o.e.m.c.i.e.AbstractTransferListenerAdapter - Downloading http://maven.wso2.org/nexus/content/groups/wso2-public/org/apache/axis2/axis2-kernel/1.6.1-wso2v23/axis2-kernel-1.6.1-wso2v23.jar
2019-09-19 04:30:33,687 [Worker-7] INFO  o.e.m.c.i.e.AbstractTransferListenerAdapter - Downloaded http://maven.wso2.org/nexus/content/groups/wso2-public/org/apache/axis2/axis2-kernel/1.6.1-wso2v23/axis2-kernel-1.6.1-wso2v23.jar
2019-09-19 04:30:34,214 [Worker-7] INFO  o.e.m.c.i.e.AbstractTransferListenerAdapter - Downloading http://maven.wso2.org/nexus/content/groups/wso2-public/org/wso2/carbon/identity/framework/org.wso2.carbon.identity.notification.mgt/5.12.153/org.wso2.carbon.identity.notification.mgt-5.12.153.jar
2019-09-19 04:30:35,639 [Worker-7] INFO  o.e.m.c.i.e.AbstractTransferListenerAdapter - Downloaded http://maven.wso2.org/nexus/content/groups/wso2-public/org/wso2/carbon/identity/framework/org.wso2.carbon.identity.notification.mgt/5.12.153/org.wso2.carbon.identity.notification.mgt-5.12.153.jar
2019-09-19 04:34:38,028 [Worker-26] WARN  o.e.r.models.ModelRepository - Failed to download org.eclipse.recommenders:index::zip:0.0.0
org.eclipse.aether.resolution.ArtifactResolutionException: Could not find artifact org.eclipse.recommenders:index:zip:0.0.0-SNAPSHOT in models (http://download.eclipse.org/recommenders/models/neon/)
	at org.eclipse.aether.internal.impl.DefaultArtifactResolver.resolve(DefaultArtifactResolver.java:444) ~[na:na]
	at org.eclipse.aether.internal.impl.DefaultArtifactResolver.resolveArtifacts(DefaultArtifactResolver.java:246) ~[na:na]
	at org.eclipse.aether.internal.impl.DefaultArtifactResolver.resolveArtifact(DefaultArtifactResolver.java:223) ~[na:na]
	at org.eclipse.aether.internal.impl.DefaultRepositorySystem.resolveArtifact(DefaultRepositorySystem.java:294) ~[na:na]
	at org.eclipse.recommenders.models.ModelRepository.resolveInternal(ModelRepository.java:193) [org.eclipse.recommenders.models_2.4.6.v20170307-1041.jar:na]
	at org.eclipse.recommenders.models.ModelRepository.resolve(ModelRepository.java:172) [org.eclipse.recommenders.models_2.4.6.v20170307-1041.jar:na]
	at org.eclipse.recommenders.internal.models.rcp.EclipseModelRepository.resolve(EclipseModelRepository.java:169) [org.eclipse.recommenders.models.rcp_2.4.6.v20170307-1041.jar:na]
	at org.eclipse.recommenders.internal.models.rcp.DownloadModelArchiveJob.run(DownloadModelArchiveJob.java:76) [org.eclipse.recommenders.models.rcp_2.4.6.v20170307-1041.jar:na]
	at org.eclipse.core.internal.jobs.Worker.run(Worker.java:55) [org.eclipse.core.jobs_3.8.0.v20160509-0411.jar:na]
Caused by: org.eclipse.aether.transfer.ArtifactNotFoundException: Could not find artifact org.eclipse.recommenders:index:zip:0.0.0-SNAPSHOT in models (http://download.eclipse.org/recommenders/models/neon/)
	at org.eclipse.aether.connector.basic.ArtifactTransportListener.transferFailed(ArtifactTransportListener.java:39) ~[org.eclipse.aether.connector.basic_1.0.1.v20141111.jar:na]
	at org.eclipse.aether.connector.basic.BasicRepositoryConnector$TaskRunner.run(BasicRepositoryConnector.java:355) ~[org.eclipse.aether.connector.basic_1.0.1.v20141111.jar:na]
	at org.eclipse.aether.util.concurrency.RunnableErrorForwarder$1.run(RunnableErrorForwarder.java:67) ~[na:na]
	at org.eclipse.aether.connector.basic.BasicRepositoryConnector$DirectExecutor.execute(BasicRepositoryConnector.java:581) ~[org.eclipse.aether.connector.basic_1.0.1.v20141111.jar:na]
	at org.eclipse.aether.connector.basic.BasicRepositoryConnector.get(BasicRepositoryConnector.java:249) ~[org.eclipse.aether.connector.basic_1.0.1.v20141111.jar:na]
	at org.eclipse.aether.internal.impl.DefaultArtifactResolver.performDownloads(DefaultArtifactResolver.java:520) ~[na:na]
	at org.eclipse.aether.internal.impl.DefaultArtifactResolver.resolve(DefaultArtifactResolver.java:421) ~[na:na]
	... 8 common frames omitted
